# JRE version: Java(TM) SE Runtime Environment (8.0_281-b09) (build 1.8.0_281-b09)
# Java VM: Java HotSpot(TM) 64-Bit Server VM (25.281-b09 mixed mode linux-amd64 compressed oops)
Heap:
 PSYoungGen      total 365056K, used 4128K [0x00000000e1d80000, 0x00000000f9d80000, 0x0000000100000000)
  eden space 343040K, 0% used [0x00000000e1d80000,0x00000000e1d80000,0x00000000f6c80000)
  from space 22016K, 18% used [0x00000000f7280000,0x00000000f7688060,0x00000000f8800000)
  to   space 18944K, 0% used [0x00000000f8b00000,0x00000000f8b00000,0x00000000f9d80000)
 ParOldGen       total 71680K, used 36412K [0x00000000a5800000, 0x00000000a9e00000, 0x00000000e1d80000)
  object space 71680K, 50% used [0x00000000a5800000,0x00000000a7b8f2a8,0x00000000a9e00000)
 Metaspace       used 53362K, capacity 56453K, committed 56576K, reserved 1097728K
  class space    used 7381K, capacity 7926K, committed 7936K, reserved 1048576K
GC Heap History (10 events):
Event: 3.319 GC heap after
Heap after GC invocations=8 (full 1):
 PSYoungGen      total 199168K, used 9713K [0x00000000e1d80000, 0x00000000f3880000, 0x0000000100000000)
  eden space 189440K, 0% used [0x00000000e1d80000,0x00000000e1d80000,0x00000000ed680000)
  from space 9728K, 99% used [0x00000000ed680000,0x00000000edffc740,0x00000000ee000000)
  to   space 11264K, 0% used [0x00000000f2d80000,0x00000000f2d80000,0x00000000f3880000)
 ParOldGen       total 47104K, used 9881K [0x00000000a5800000, 0x00000000a8600000, 0x00000000e1d80000)
  object space 47104K, 20% used [0x00000000a5800000,0x00000000a61a6758,0x00000000a8600000)
 Metaspace       used 27547K, capacity 28712K, committed 28928K, reserved 1075200K
  class space    used 3763K, capacity 4012K, committed 4096K, reserved 1048576K
}
Event: 4.245 GC heap before
{Heap before GC invocations=9 (full 1):
 PSYoungGen      total 199168K, used 153028K [0x00000000e1d80000, 0x00000000f3880000, 0x0000000100000000)
  eden space 189440K, 75% used [0x00000000e1d80000,0x00000000ea9748e8,0x00000000ed680000)
  from space 9728K, 99% used [0x00000000ed680000,0x00000000edffc740,0x00000000ee000000)
  to   space 11264K, 0% used [0x00000000f2d80000,0x00000000f2d80000,0x00000000f3880000)
 ParOldGen       total 47104K, used 9881K [0x00000000a5800000, 0x00000000a8600000, 0x00000000e1d80000)
  object space 47104K, 20% used [0x00000000a5800000,0x00000000a61a6758,0x00000000a8600000)
 Metaspace       used 33414K, capacity 35282K, committed 35456K, reserved 1079296K
  class space    used 4515K, capacity 4869K, committed 4992K, reserved 1048576K
Event: 4.261 GC heap after
Heap after GC invocations=9 (full 1):
 PSYoungGen      total 274944K, used 11232K [0x00000000e1d80000, 0x00000000f6400000, 0x0000000100000000)
  eden space 263680K, 0% used [0x00000000e1d80000,0x00000000e1d80000,0x00000000f1f00000)
  from space 11264K, 99% used [0x00000000f2d80000,0x00000000f3878010,0x00000000f3880000)
  to   space 14848K, 0% used [0x00000000f1f00000,0x00000000f1f00000,0x00000000f2d80000)
 ParOldGen       total 47104K, used 14323K [0x00000000a5800000, 0x00000000a8600000, 0x00000000e1d80000)
  object space 47104K, 30% used [0x00000000a5800000,0x00000000a65fcc10,0x00000000a8600000)
 Metaspace       used 33414K, capacity 35282K, committed 35456K, reserved 1079296K
  class space    used 4515K, capacity 4869K, committed 4992K, reserved 1048576K
}
Event: 4.261 GC heap before
{Heap before GC invocations=10 (full 2):
 PSYoungGen      total 274944K, used 11232K [0x00000000e1d80000, 0x00000000f6400000, 0x0000000100000000)
  eden space 263680K, 0% used [0x00000000e1d80000,0x00000000e1d80000,0x00000000f1f00000)
  from space 11264K, 99% used [0x00000000f2d80000,0x00000000f3878010,0x00000000f3880000)
  to   space 14848K, 0% used [0x00000000f1f00000,0x00000000f1f00000,0x00000000f2d80000)
 ParOldGen       total 47104K, used 14323K [0x00000000a5800000, 0x00000000a8600000, 0x00000000e1d80000)
  object space 47104K, 30% used [0x00000000a5800000,0x00000000a65fcc10,0x00000000a8600000)
 Metaspace       used 33414K, capacity 35282K, committed 35456K, reserved 1079296K
  class space    used 4515K, capacity 4869K, committed 4992K, reserved 1048576K
Event: 4.335 GC heap after
Heap after GC invocations=10 (full 2):
 PSYoungGen      total 274944K, used 0K [0x00000000e1d80000, 0x00000000f6400000, 0x0000000100000000)
  eden space 263680K, 0% used [0x00000000e1d80000,0x00000000e1d80000,0x00000000f1f00000)
  from space 11264K, 0% used [0x00000000f2d80000,0x00000000f2d80000,0x00000000f3880000)
  to   space 14848K, 0% used [0x00000000f1f00000,0x00000000f1f00000,0x00000000f2d80000)
 ParOldGen       total 71680K, used 20260K [0x00000000a5800000, 0x00000000a9e00000, 0x00000000e1d80000)
  object space 71680K, 28% used [0x00000000a5800000,0x00000000a6bc9128,0x00000000a9e00000)
 Metaspace       used 33414K, capacity 35282K, committed 35456K, reserved 1079296K
  class space    used 4515K, capacity 4869K, committed 4992K, reserved 1048576K
}
Event: 6.924 GC heap before
{Heap before GC invocations=11 (full 2):
 PSYoungGen      total 274944K, used 263680K [0x00000000e1d80000, 0x00000000f6400000, 0x0000000100000000)
  eden space 263680K, 100% used [0x00000000e1d80000,0x00000000f1f00000,0x00000000f1f00000)
  from space 11264K, 0% used [0x00000000f2d80000,0x00000000f2d80000,0x00000000f3880000)
  to   space 14848K, 0% used [0x00000000f1f00000,0x00000000f1f00000,0x00000000f2d80000)
 ParOldGen       total 71680K, used 20260K [0x00000000a5800000, 0x00000000a9e00000, 0x00000000e1d80000)
  object space 71680K, 28% used [0x00000000a5800000,0x00000000a6bc9128,0x00000000a9e00000)
 Metaspace       used 45467K, capacity 48082K, committed 48384K, reserved 1091584K
  class space    used 6337K, capacity 6796K, committed 6912K, reserved 1048576K
Event: 7.016 GC heap after
Heap after GC invocations=11 (full 2):
 PSYoungGen      total 278528K, used 14833K [0x00000000e1d80000, 0x00000000f9e80000, 0x0000000100000000)
  eden space 263680K, 0% used [0x00000000e1d80000,0x00000000e1d80000,0x00000000f1f00000)
  from space 14848K, 99% used [0x00000000f1f00000,0x00000000f2d7c568,0x00000000f2d80000)
  to   space 19968K, 0% used [0x00000000f8b00000,0x00000000f8b00000,0x00000000f9e80000)
 ParOldGen       total 71680K, used 27590K [0x00000000a5800000, 0x00000000a9e00000, 0x00000000e1d80000)
  object space 71680K, 38% used [0x00000000a5800000,0x00000000a72f1800,0x00000000a9e00000)
 Metaspace       used 45467K, capacity 48082K, committed 48384K, reserved 1091584K
  class space    used 6337K, capacity 6796K, committed 6912K, reserved 1048576K
}
Event: 2061.979 GC heap before
{Heap before GC invocations=12 (full 2):
 PSYoungGen      total 278528K, used 278513K [0x00000000e1d80000, 0x00000000f9e80000, 0x0000000100000000)
  eden space 263680K, 100% used [0x00000000e1d80000,0x00000000f1f00000,0x00000000f1f00000)
  from space 14848K, 99% used [0x00000000f1f00000,0x00000000f2d7c568,0x00000000f2d80000)
  to   space 19968K, 0% used [0x00000000f8b00000,0x00000000f8b00000,0x00000000f9e80000)
 ParOldGen       total 71680K, used 27590K [0x00000000a5800000, 0x00000000a9e00000, 0x00000000e1d80000)
  object space 71680K, 38% used [0x00000000a5800000,0x00000000a72f1800,0x00000000a9e00000)
 Metaspace       used 53059K, capacity 56133K, committed 56320K, reserved 1097728K
  class space    used 7380K, capacity 7926K, committed 7936K, reserved 1048576K
Event: 2062.000 GC heap after
Heap after GC invocations=12 (full 2):
 PSYoungGen      total 361984K, used 18745K [0x00000000e1d80000, 0x00000000f9d80000, 0x0000000100000000)
  eden space 343040K, 0% used [0x00000000e1d80000,0x00000000e1d80000,0x00000000f6c80000)
  from space 18944K, 98% used [0x00000000f8b00000,0x00000000f9d4e620,0x00000000f9d80000)
  to   space 22016K, 0% used [0x00000000f7280000,0x00000000f7280000,0x00000000f8800000)
 ParOldGen       total 71680K, used 27598K [0x00000000a5800000, 0x00000000a9e00000, 0x00000000e1d80000)
  object space 71680K, 38% used [0x00000000a5800000,0x00000000a72f3800,0x00000000a9e00000)
 Metaspace       used 53059K, capacity 56133K, committed 56320K, reserved 1097728K
  class space    used 7380K, capacity 7926K, committed 7936K, reserved 1048576K
}
Event: 8215.306 GC heap before
{Heap before GC invocations=13 (full 2):
 PSYoungGen      total 361984K, used 361785K [0x00000000e1d80000, 0x00000000f9d80000, 0x0000000100000000)
  eden space 343040K, 100% used [0x00000000e1d80000,0x00000000f6c80000,0x00000000f6c80000)
  from space 18944K, 98% used [0x00000000f8b00000,0x00000000f9d4e620,0x00000000f9d80000)
  to   space 22016K, 0% used [0x00000000f7280000,0x00000000f7280000,0x00000000f8800000)
 ParOldGen       total 71680K, used 27598K [0x00000000a5800000, 0x00000000a9e00000, 0x00000000e1d80000)
  object space 71680K, 38% used [0x00000000a5800000,0x00000000a72f3800,0x00000000a9e00000)
 Metaspace       used 53362K, capacity 56453K, committed 56576K, reserved 1097728K
  class space    used 7381K, capacity 7926K, committed 7936K, reserved 1048576K

